Using pre-set license
Built from '2021.2/staging' branch; Version is '2021.2.1f1 (c20c6d589440) revision 12717165'; Using compiler version '192829333'; Build Type 'Release'
OS: 'Windows 10 Home; OS build 19042.1348; Version 2009; 64bit' Language: 'ja' Physical Memory: 16333 MB
BatchMode: 1, IsHumanControllingUs: 0, StartBugReporterOnCrash: 0, Is64bit: 1, IsPro: 0

COMMAND LINE ARGUMENTS:
C:\Program Files\Unity 2021.2.1f1\Editor\Unity.exe
-adb2
-batchMode
-noUpm
-name
AssetImportWorker1
-projectPath
C:/GitHub/game/kinect Body+Color Image
-logFile
Logs/AssetImportWorker1.log
-srvPort
56276
Successfully changed project path to: C:/GitHub/game/kinect Body+Color Image
C:/GitHub/game/kinect Body+Color Image
[UnityMemory] Configuration Parameters - Can be set up in boot.config
    "memorysetup-bucket-allocator-granularity=16"
    "memorysetup-bucket-allocator-bucket-count=8"
    "memorysetup-bucket-allocator-block-size=33554432"
    "memorysetup-bucket-allocator-block-count=8"
    "memorysetup-main-allocator-block-size=16777216"
    "memorysetup-thread-allocator-block-size=16777216"
    "memorysetup-gfx-main-allocator-block-size=16777216"
    "memorysetup-gfx-thread-allocator-block-size=16777216"
    "memorysetup-cache-allocator-block-size=4194304"
    "memorysetup-typetree-allocator-block-size=2097152"
    "memorysetup-profiler-bucket-allocator-granularity=16"
    "memorysetup-profiler-bucket-allocator-bucket-count=8"
    "memorysetup-profiler-bucket-allocator-block-size=33554432"
    "memorysetup-profiler-bucket-allocator-block-count=8"
    "memorysetup-profiler-allocator-block-size=16777216"
    "memorysetup-profiler-editor-allocator-block-size=1048576"
    "memorysetup-temp-allocator-size-main=16777216"
    "memorysetup-job-temp-allocator-block-size=2097152"
    "memorysetup-job-temp-allocator-block-size-background=1048576"
    "memorysetup-job-temp-allocator-reduction-small-platforms=262144"
    "memorysetup-temp-allocator-size-background-worker=32768"
    "memorysetup-temp-allocator-size-job-worker=262144"
    "memorysetup-temp-allocator-size-preload-manager=33554432"
    "memorysetup-temp-allocator-size-nav-mesh-worker=65536"
    "memorysetup-temp-allocator-size-audio-worker=65536"
    "memorysetup-temp-allocator-size-cloud-worker=32768"
    "memorysetup-temp-allocator-size-gi-baking-worker=262144"
    "memorysetup-temp-allocator-size-gfx=262144"
Refreshing native plugins compatible for Editor in 78.44 ms, found 4 plugins.
Preloading 0 native plugins for Editor in 0.00 ms.
Initialize engine version: 2021.2.1f1 (c20c6d589440)
[Subsystems] Discovering subsystems at path C:/Program Files/Unity 2021.2.1f1/Editor/Data/Resources/UnitySubsystems
[Subsystems] Discovering subsystems at path C:/GitHub/game/kinect Body+Color Image/Assets
GfxDevice: creating device client; threaded=0; jobified=0
Direct3D:
    Version:  Direct3D 11.0 [level 11.1]
    Renderer: NVIDIA GeForce GTX 980 Ti (ID=0x17c8)
    Vendor:   NVIDIA
    VRAM:     6097 MB
    Driver:   27.21.14.5671
Initialize mono
Mono path[0] = 'C:/Program Files/Unity 2021.2.1f1/Editor/Data/Managed'
Mono path[1] = 'C:/Program Files/Unity 2021.2.1f1/Editor/Data/MonoBleedingEdge/lib/mono/unityjit-win32'
Mono config path = 'C:/Program Files/Unity 2021.2.1f1/Editor/Data/MonoBleedingEdge/etc'
Using monoOptions --debugger-agent=transport=dt_socket,embedding=1,server=y,suspend=n,address=127.0.0.1:56992
Begin MonoManager ReloadAssembly
Registering precompiled unity dll's ...
Register platform support module: C:/Program Files/Unity 2021.2.1f1/Editor/Data/PlaybackEngines/WindowsStandaloneSupport/UnityEditor.WindowsStandalone.Extensions.dll
Registered in 0.005623 seconds.
Native extension for WindowsStandalone target not found
Refreshing native plugins compatible for Editor in 73.00 ms, found 4 plugins.
Preloading 0 native plugins for Editor in 0.00 ms.
Mono: successfully reloaded assembly
- Completed reload, in  0.830 seconds
Domain Reload Profiling:
	ReloadAssembly (831ms)
		BeginReloadAssembly (76ms)
			ExecutionOrderSort (0ms)
			DisableScriptedObjects (0ms)
			BackupInstance (0ms)
			ReleaseScriptingObjects (0ms)
			CreateAndSetChildDomain (1ms)
		EndReloadAssembly (436ms)
			LoadAssemblies (74ms)
			RebuildTransferFunctionScriptingTraits (0ms)
			SetupTypeCache (106ms)
			ReleaseScriptCaches (0ms)
			RebuildScriptCaches (30ms)
			SetupLoadedEditorAssemblies (250ms)
				LogAssemblyErrors (0ms)
				InitializePlatformSupportModulesInManaged (6ms)
				SetLoadedEditorAssemblies (0ms)
				RefreshPlugins (73ms)
				BeforeProcessingInitializeOnLoad (1ms)
				ProcessInitializeOnLoadAttributes (122ms)
				ProcessInitializeOnLoadMethodAttributes (46ms)
				AfterProcessingInitializeOnLoad (0ms)
				EditorAssembliesLoaded (0ms)
			ExecutionOrderSort2 (0ms)
			AwakeInstancesAfterBackupRestoration (0ms)
Platform modules already initialized, skipping
Registering precompiled user dll's ...
Registered in 0.006509 seconds.
Begin MonoManager ReloadAssembly
Symbol file LoadedFromMemory doesn't match image C:\GitHub\game\kinect Body+Color Image\Library\PackageCache\com.unity.visualscripting@1.7.2\Editor\VisualScripting.Core\Dependencies\YamlDotNet\Unity.VisualScripting.YamlDotNet.dll
Symbol file LoadedFromMemory doesn't match image C:\GitHub\game\kinect Body+Color Image\Library\PackageCache\com.unity.visualscripting@1.7.2\Editor\VisualScripting.Core\Dependencies\DotNetZip\Unity.VisualScripting.IonicZip.dll
Native extension for WindowsStandalone target not found
Refreshing native plugins compatible for Editor in 0.70 ms, found 4 plugins.
Preloading 0 native plugins for Editor in 0.00 ms.
Mono: successfully reloaded assembly
- Completed reload, in  1.065 seconds
Domain Reload Profiling:
	ReloadAssembly (1065ms)
		BeginReloadAssembly (176ms)
			ExecutionOrderSort (0ms)
			DisableScriptedObjects (6ms)
			BackupInstance (0ms)
			ReleaseScriptingObjects (0ms)
			CreateAndSetChildDomain (21ms)
		EndReloadAssembly (793ms)
			LoadAssemblies (74ms)
			RebuildTransferFunctionScriptingTraits (0ms)
			SetupTypeCache (226ms)
			ReleaseScriptCaches (1ms)
			RebuildScriptCaches (53ms)
			SetupLoadedEditorAssemblies (341ms)
				LogAssemblyErrors (0ms)
				InitializePlatformSupportModulesInManaged (12ms)
				SetLoadedEditorAssemblies (0ms)
				RefreshPlugins (1ms)
				BeforeProcessingInitializeOnLoad (79ms)
				ProcessInitializeOnLoadAttributes (219ms)
				ProcessInitializeOnLoadMethodAttributes (22ms)
				AfterProcessingInitializeOnLoad (8ms)
				EditorAssembliesLoaded (0ms)
			ExecutionOrderSort2 (0ms)
			AwakeInstancesAfterBackupRestoration (6ms)
Platform modules already initialized, skipping
========================================================================
Worker process is ready to serve import requests
Launched and connected shader compiler UnityShaderCompiler.exe after 0.07 seconds
Refreshing native plugins compatible for Editor in 0.64 ms, found 4 plugins.
Preloading 0 native plugins for Editor in 0.00 ms.
Unloading 3182 Unused Serialized files (Serialized files now loaded: 0)
Unloading 26 unused Assets / (55.9 KB). Loaded Objects now: 3654.
Memory consumption went from 127.1 MB to 127.0 MB.
Total: 3.143300 ms (FindLiveObjects: 0.290800 ms CreateObjectMapping: 0.239700 ms MarkObjects: 2.531800 ms  DeleteObjects: 0.079800 ms)

AssetImportParameters requested are different than current active one (requested -> active):
  custom:video-decoder-ogg-theora: a1e56fd34408186e4bbccfd4996cb3dc -> 
  custom:container-muxer-webm: aa71ff27fc2769a1b78a27578f13a17b -> 
  custom:container-demuxer-webm: 4f35f7cbe854078d1ac9338744f61a02 -> 
  custom:video-encoder-webm-vp8: eb34c28f22e8b96e1ab97ce403110664 -> 
  custom:audio-encoder-webm-vorbis: bf7c407c2cedff20999df2af8eb42d56 -> 
  custom:framework-win-MediaFoundation: 216162199b28c13a410421893ffa2e32 -> 
  custom:container-demuxer-ogg: 62fdf1f143b41e24485cea50d1cbac27 -> 
  custom:video-decoder-webm-vp8: 9c59270c3fd7afecdb556c50c9e8de78 -> 
  custom:audio-decoder-ogg-vorbis: bf7c407c2cedff20999df2af8eb42d56 -> 
========================================================================
Received Import Request.
  Time since last request: 1976320.900383 seconds.
  path: Assets/Octahedron Sphere/Meshes/Diameter 1/Octahedron Sphere 1 D1.asset
  artifactKey: Guid(db86ace5a7eef43fbb4f640b76550db6) Importer(815301076,1909f56bfc062723c751e8b465ee728b)
Start importing Assets/Octahedron Sphere/Meshes/Diameter 1/Octahedron Sphere 1 D1.asset using Guid(db86ace5a7eef43fbb4f640b76550db6) Importer(815301076,1909f56bfc062723c751e8b465ee728b)  -> (artifact id: 'd0e53d4017c9de48ff42b8bb9b9642d5') in 0.136797 seconds 
========================================================================
Received Import Request.
  Time since last request: 0.000024 seconds.
  path: Assets/Octahedron Sphere/Meshes/Diameter 1/Octahedron Sphere 5 D1.asset
  artifactKey: Guid(e66309d7cf6f548dbbe7c3d84c3abc9f) Importer(815301076,1909f56bfc062723c751e8b465ee728b)
Start importing Assets/Octahedron Sphere/Meshes/Diameter 1/Octahedron Sphere 5 D1.asset using Guid(e66309d7cf6f548dbbe7c3d84c3abc9f) Importer(815301076,1909f56bfc062723c751e8b465ee728b)  -> (artifact id: '508d4d6d541c1c511936ef0a558c8155') in 0.022591 seconds 
========================================================================
Received Import Request.
  Time since last request: 0.000056 seconds.
  path: Assets/Octahedron Sphere/Meshes/Diameter 1/Octahedron Sphere 2 D1.asset
  artifactKey: Guid(1f143687ae3dc4eeea3d55a957814f71) Importer(815301076,1909f56bfc062723c751e8b465ee728b)
Start importing Assets/Octahedron Sphere/Meshes/Diameter 1/Octahedron Sphere 2 D1.asset using Guid(1f143687ae3dc4eeea3d55a957814f71) Importer(815301076,1909f56bfc062723c751e8b465ee728b)  -> (artifact id: 'ff5167122cd14e6af132f5174e32ace2') in 0.019082 seconds 
========================================================================
Received Import Request.
  Time since last request: 29.251655 seconds.
  path: Assets/Octahedron Sphere/Meshes/Radius 1/Octahedron Sphere 1 R1.asset
  artifactKey: Guid(67848531d3def4e4aad9d084138baf9f) Importer(815301076,1909f56bfc062723c751e8b465ee728b)
Start importing Assets/Octahedron Sphere/Meshes/Radius 1/Octahedron Sphere 1 R1.asset using Guid(67848531d3def4e4aad9d084138baf9f) Importer(815301076,1909f56bfc062723c751e8b465ee728b)  -> (artifact id: 'ed9fdc1b9c103dd87ee9591c3afbdc85') in 0.027881 seconds 
========================================================================
Received Import Request.
  Time since last request: 0.000027 seconds.
  path: Assets/Octahedron Sphere/Meshes/Radius 1/Octahedron Sphere 3 R1.asset
  artifactKey: Guid(84faa0db992f54e9da6f2721a7920c95) Importer(815301076,1909f56bfc062723c751e8b465ee728b)
Start importing Assets/Octahedron Sphere/Meshes/Radius 1/Octahedron Sphere 3 R1.asset using Guid(84faa0db992f54e9da6f2721a7920c95) Importer(815301076,1909f56bfc062723c751e8b465ee728b)  -> (artifact id: '733f231d5ca684aa66b1a3e9d04f96a8') in 0.017724 seconds 
========================================================================
Received Import Request.
  Time since last request: 0.000027 seconds.
  path: Assets/Octahedron Sphere/Meshes/Radius 1/Octahedron Sphere 6 R1.asset
  artifactKey: Guid(25286070226fb4ea39d2976d03cec3c2) Importer(815301076,1909f56bfc062723c751e8b465ee728b)
Start importing Assets/Octahedron Sphere/Meshes/Radius 1/Octahedron Sphere 6 R1.asset using Guid(25286070226fb4ea39d2976d03cec3c2) Importer(815301076,1909f56bfc062723c751e8b465ee728b)  -> (artifact id: 'e7c8acb3d72e61a35aeb88ce503c8abb') in 0.038354 seconds 
